[{"line":1,"elements":[{"start_timestamp":"2022-09-10T15:42:03.177Z","before":[{"result":{"duration":8342153136,"status":"passed"},"match":{"location":"stepDefinitions.Hooks.beforeScenario()"}}],"line":3,"name":"Header : Find A Store","description":"","id":"other-header-elements;header-:-find-a-store","after":[{"result":{"duration":116724804,"status":"passed"},"match":{"location":"stepDefinitions.Hooks.afterScenario()"}}],"type":"scenario","keyword":"Scenario","steps":[{"result":{"duration":3571298,"status":"passed"},"line":4,"name":"I am a user on any of the page","match":{"location":"stepDefinitions.HeaderStepDefnition.iAmAUserOnAnyOfThePage()"},"keyword":"Given "},{"result":{"duration":45812228,"status":"passed"},"line":5,"name":"I hit Find a store link on the left side of the header","match":{"location":"stepDefinitions.HeaderStepDefnition.iHitFindAStoreLinkOnTheLeftSideOfTheHeader()"},"keyword":"When "},{"result":{"duration":1101891118,"status":"passed"},"line":6,"name":"It should take me to Find a Store page","match":{"location":"stepDefinitions.HeaderStepDefnition.itShouldTakeMeToFindAStorePage()"},"keyword":"Then "}]},{"start_timestamp":"2022-09-10T15:42:12.872Z","before":[{"result":{"duration":6802403955,"status":"passed"},"match":{"location":"stepDefinitions.Hooks.beforeScenario()"}}],"line":8,"name":"Header : Login Pc","description":"","id":"other-header-elements;header-:-login-pc","after":[{"result":{"duration":115442522,"status":"passed"},"match":{"location":"stepDefinitions.Hooks.afterScenario()"}}],"type":"scenario","keyword":"Scenario","steps":[{"result":{"duration":365655,"status":"passed"},"line":9,"name":"I am a user on any of the page","match":{"location":"stepDefinitions.HeaderStepDefnition.iAmAUserOnAnyOfThePage()"},"keyword":"Given "},{"result":{"duration":48125768,"status":"passed"},"line":10,"name":"I hit Login link on the header","match":{"location":"stepDefinitions.HeaderStepDefnition.iHitLoginLinkOnTheHeader()"},"keyword":"When "},{"result":{"error_message":"org.openqa.selenium.TimeoutException: Expected condition failed: waiting for visibility of Proxy element for: DefaultElementLocator 'By.id: email' (tried for 10 second(s) with 500 milliseconds interval)\n\tat org.openqa.selenium.support.ui.WebDriverWait.timeoutException(WebDriverWait.java:87)\n\tat org.openqa.selenium.support.ui.FluentWait.until(FluentWait.java:231)\n\tat pages.Header.validatePcLoginPage(Header.java:51)\n\tat stepDefinitions.HeaderStepDefnition.itShouldRedirectToPcidLoginPage(HeaderStepDefnition.java:34)\n\tat ✽.It should redirect to Pcid Login Page(file:///home/knoldus/Desktop/Loblaw%20Digital/Platform-autmation/platform-automation/JoeFresh-FrontEndAutomation/src/test/java/resources/features/header/otherHeader.feature:11)\nCaused by: org.openqa.selenium.NoSuchElementException: no such element: Unable to locate element: {\"method\":\"css selector\",\"selector\":\"#email\"}\n  (Session info: chrome=105.0.5195.52)\nFor documentation on this error, please visit: https://selenium.dev/exceptions/#no_such_element\nBuild info: version: '4.3.0', revision: 'a4995e2c09*'\nSystem info: host: 'knoldus-Latitude-3520', ip: '127.0.1.1', os.name: 'Linux', os.arch: 'amd64', os.version: '5.15.0-47-generic', java.version: '17.0.2'\nDriver info: org.openqa.selenium.chrome.ChromeDriver\nCommand: [7b4510f740ef9eb06d2f84645be8c3ee, findElement {using=id, value=email}]\nCapabilities {acceptInsecureCerts: false, browserName: chrome, browserVersion: 105.0.5195.52, chrome: {chromedriverVersion: 104.0.5112.79 (3cf3e8c8a07d..., userDataDir: /tmp/.com.google.Chrome.DfSmxi}, goog:chromeOptions: {debuggerAddress: localhost:38041}, networkConnectionEnabled: false, pageLoadStrategy: normal, platformName: LINUX, proxy: Proxy(), se:cdp: ws://localhost:38041/devtoo..., se:cdpVersion: 105.0.5195.52, setWindowRect: true, strictFileInteractability: false, timeouts: {implicit: 0, pageLoad: 300000, script: 30000}, unhandledPromptBehavior: dismiss and notify, webauthn:extension:credBlob: true, webauthn:extension:largeBlob: true, webauthn:virtualAuthenticators: true}\nSession ID: 7b4510f740ef9eb06d2f84645be8c3ee\n\tat jdk.internal.reflect.GeneratedConstructorAccessor26.newInstance(Unknown Source)\n\tat java.base/jdk.internal.reflect.DelegatingConstructorAccessorImpl.newInstance(DelegatingConstructorAccessorImpl.java:45)\n\tat java.base/java.lang.reflect.Constructor.newInstanceWithCaller(Constructor.java:499)\n\tat java.base/java.lang.reflect.Constructor.newInstance(Constructor.java:480)\n\tat org.openqa.selenium.remote.codec.w3c.W3CHttpResponseCodec.createException(W3CHttpResponseCodec.java:200)\n\tat org.openqa.selenium.remote.codec.w3c.W3CHttpResponseCodec.decode(W3CHttpResponseCodec.java:133)\n\tat org.openqa.selenium.remote.codec.w3c.W3CHttpResponseCodec.decode(W3CHttpResponseCodec.java:53)\n\tat org.openqa.selenium.remote.HttpCommandExecutor.execute(HttpCommandExecutor.java:184)\n\tat org.openqa.selenium.remote.service.DriverCommandExecutor.invokeExecute(DriverCommandExecutor.java:167)\n\tat org.openqa.selenium.remote.service.DriverCommandExecutor.execute(DriverCommandExecutor.java:142)\n\tat org.openqa.selenium.remote.RemoteWebDriver.execute(RemoteWebDriver.java:569)\n\tat org.openqa.selenium.remote.ElementLocation$ElementFinder$2.findElement(ElementLocation.java:162)\n\tat org.openqa.selenium.remote.ElementLocation.findElement(ElementLocation.java:60)\n\tat org.openqa.selenium.remote.RemoteWebDriver.findElement(RemoteWebDriver.java:387)\n\tat org.openqa.selenium.remote.RemoteWebDriver.findElement(RemoteWebDriver.java:379)\n\tat org.openqa.selenium.support.pagefactory.DefaultElementLocator.findElement(DefaultElementLocator.java:70)\n\tat org.openqa.selenium.support.pagefactory.internal.LocatingElementHandler.invoke(LocatingElementHandler.java:39)\n\tat jdk.proxy2/jdk.proxy2.$Proxy43.isDisplayed(Unknown Source)\n\tat org.openqa.selenium.support.ui.ExpectedConditions.elementIfVisible(ExpectedConditions.java:307)\n\tat org.openqa.selenium.support.ui.ExpectedConditions.access$000(ExpectedConditions.java:40)\n\tat org.openqa.selenium.support.ui.ExpectedConditions$10.apply(ExpectedConditions.java:293)\n\tat org.openqa.selenium.support.ui.ExpectedConditions$10.apply(ExpectedConditions.java:290)\n\tat org.openqa.selenium.support.ui.FluentWait.until(FluentWait.java:208)\n\tat pages.Header.validatePcLoginPage(Header.java:51)\n\tat stepDefinitions.HeaderStepDefnition.itShouldRedirectToPcidLoginPage(HeaderStepDefnition.java:34)\n\tat java.base/jdk.internal.reflect.NativeMethodAccessorImpl.invoke0(Native Method)\n\tat java.base/jdk.internal.reflect.NativeMethodAccessorImpl.invoke(NativeMethodAccessorImpl.java:77)\n\tat java.base/jdk.internal.reflect.DelegatingMethodAccessorImpl.invoke(DelegatingMethodAccessorImpl.java:43)\n\tat java.base/java.lang.reflect.Method.invoke(Method.java:568)\n\tat io.cucumber.java.Invoker.doInvoke(Invoker.java:66)\n\tat io.cucumber.java.Invoker.invoke(Invoker.java:24)\n\tat io.cucumber.java.AbstractGlueDefinition.invokeMethod(AbstractGlueDefinition.java:47)\n\tat io.cucumber.java.JavaStepDefinition.execute(JavaStepDefinition.java:29)\n\tat io.cucumber.core.runner.CoreStepDefinition.execute(CoreStepDefinition.java:66)\n\tat io.cucumber.core.runner.PickleStepDefinitionMatch.runStep(PickleStepDefinitionMatch.java:63)\n\tat io.cucumber.core.runner.ExecutionMode$1.execute(ExecutionMode.java:10)\n\tat io.cucumber.core.runner.TestStep.executeStep(TestStep.java:85)\n\tat io.cucumber.core.runner.TestStep.run(TestStep.java:57)\n\tat io.cucumber.core.runner.PickleStepTestStep.run(PickleStepTestStep.java:51)\n\tat io.cucumber.core.runner.TestCase.run(TestCase.java:84)\n\tat io.cucumber.core.runner.Runner.runPickle(Runner.java:75)\n\tat io.cucumber.testng.TestNGCucumberRunner.lambda$runScenario$1(TestNGCucumberRunner.java:132)\n\tat io.cucumber.core.runtime.CucumberExecutionContext.lambda$runTestCase$5(CucumberExecutionContext.java:129)\n\tat io.cucumber.core.runtime.RethrowingThrowableCollector.executeAndThrow(RethrowingThrowableCollector.java:23)\n\tat io.cucumber.core.runtime.CucumberExecutionContext.runTestCase(CucumberExecutionContext.java:129)\n\tat io.cucumber.testng.TestNGCucumberRunner.runScenario(TestNGCucumberRunner.java:129)\n\tat io.cucumber.testng.AbstractTestNGCucumberTests.runScenario(AbstractTestNGCucumberTests.java:35)\n\tat java.base/jdk.internal.reflect.NativeMethodAccessorImpl.invoke0(Native Method)\n\tat java.base/jdk.internal.reflect.NativeMethodAccessorImpl.invoke(NativeMethodAccessorImpl.java:77)\n\tat java.base/jdk.internal.reflect.DelegatingMethodAccessorImpl.invoke(DelegatingMethodAccessorImpl.java:43)\n\tat java.base/java.lang.reflect.Method.invoke(Method.java:568)\n\tat org.testng.internal.invokers.MethodInvocationHelper.invokeMethod(MethodInvocationHelper.java:139)\n\tat org.testng.internal.invokers.TestInvoker.invokeMethod(TestInvoker.java:677)\n\tat org.testng.internal.invokers.TestInvoker.invokeTestMethod(TestInvoker.java:221)\n\tat org.testng.internal.invokers.MethodRunner.runInSequence(MethodRunner.java:50)\n\tat org.testng.internal.invokers.TestInvoker$MethodInvocationAgent.invoke(TestInvoker.java:962)\n\tat org.testng.internal.invokers.TestInvoker.invokeTestMethods(TestInvoker.java:194)\n\tat org.testng.internal.invokers.TestMethodWorker.invokeTestMethods(TestMethodWorker.java:148)\n\tat org.testng.internal.invokers.TestMethodWorker.run(TestMethodWorker.java:128)\n\tat java.base/java.util.ArrayList.forEach(ArrayList.java:1511)\n\tat org.testng.TestRunner.privateRun(TestRunner.java:806)\n\tat org.testng.TestRunner.run(TestRunner.java:601)\n\tat org.testng.SuiteRunner.runTest(SuiteRunner.java:433)\n\tat org.testng.SuiteRunner.runSequentially(SuiteRunner.java:427)\n\tat org.testng.SuiteRunner.privateRun(SuiteRunner.java:387)\n\tat org.testng.SuiteRunner.run(SuiteRunner.java:330)\n\tat org.testng.SuiteRunnerWorker.runSuite(SuiteRunnerWorker.java:52)\n\tat org.testng.SuiteRunnerWorker.run(SuiteRunnerWorker.java:95)\n\tat org.testng.TestNG.runSuitesSequentially(TestNG.java:1256)\n\tat org.testng.TestNG.runSuitesLocally(TestNG.java:1176)\n\tat org.testng.TestNG.runSuites(TestNG.java:1099)\n\tat org.testng.TestNG.run(TestNG.java:1067)\n\tat com.intellij.rt.testng.IDEARemoteTestNG.run(IDEARemoteTestNG.java:66)\n\tat com.intellij.rt.testng.RemoteTestNGStarter.main(RemoteTestNGStarter.java:109)\n","duration":10369321051,"status":"failed"},"line":11,"name":"It should redirect to Pcid Login Page","match":{"location":"stepDefinitions.HeaderStepDefnition.itShouldRedirectToPcidLoginPage()"},"keyword":"Then "}]},{"start_timestamp":"2022-09-10T15:42:30.276Z","before":[{"result":{"duration":8546668579,"status":"passed"},"match":{"location":"stepDefinitions.Hooks.beforeScenario()"}}],"line":13,"name":"Header : My Bag","description":"","id":"other-header-elements;header-:-my-bag","after":[{"result":{"duration":101050942,"status":"passed"},"match":{"location":"stepDefinitions.Hooks.afterScenario()"}}],"type":"scenario","keyword":"Scenario","steps":[{"result":{"duration":627306,"status":"passed"},"line":14,"name":"I am a user on any of the page","match":{"location":"stepDefinitions.HeaderStepDefnition.iAmAUserOnAnyOfThePage()"},"keyword":"Given "},{"result":{"duration":84691066,"status":"passed"},"line":15,"name":"I hit MyBag button on the header","match":{"location":"stepDefinitions.HeaderStepDefnition.iHitMyBagButtonOnTheHeader()"},"keyword":"When "},{"result":{"duration":627909099,"status":"passed"},"line":16,"name":"It should redirect to Cart Page","match":{"location":"stepDefinitions.HeaderStepDefnition.itShouldRedirectToCartPage()"},"keyword":"Then "}]},{"start_timestamp":"2022-09-10T15:42:39.662Z","before":[{"result":{"duration":6098459846,"status":"passed"},"match":{"location":"stepDefinitions.Hooks.beforeScenario()"}}],"line":18,"name":"Header : Logo","description":"","id":"other-header-elements;header-:-logo","after":[{"result":{"duration":112361914,"status":"passed"},"match":{"location":"stepDefinitions.Hooks.afterScenario()"}}],"type":"scenario","keyword":"Scenario","steps":[{"result":{"duration":271283,"status":"passed"},"line":19,"name":"I am a user on any of the page","match":{"location":"stepDefinitions.HeaderStepDefnition.iAmAUserOnAnyOfThePage()"},"keyword":"Given "},{"result":{"duration":1205932219,"status":"passed"},"line":20,"name":"I hit Logo on the header","match":{"location":"stepDefinitions.HeaderStepDefnition.iHitLogoOnTheHeader()"},"keyword":"When "},{"result":{"error_message":"org.openqa.selenium.TimeoutException: Expected condition failed: waiting for visibility of Proxy element for: DefaultElementLocator 'By.id: reco16821553994' (tried for 10 second(s) with 500 milliseconds interval)\n\tat org.openqa.selenium.support.ui.WebDriverWait.timeoutException(WebDriverWait.java:87)\n\tat org.openqa.selenium.support.ui.FluentWait.until(FluentWait.java:231)\n\tat pages.Header.validateHomePage(Header.java:74)\n\tat stepDefinitions.HeaderStepDefnition.itShouldRedirectToHomePage(HeaderStepDefnition.java:54)\n\tat ✽.It should redirect to Home Page(file:///home/knoldus/Desktop/Loblaw%20Digital/Platform-autmation/platform-automation/JoeFresh-FrontEndAutomation/src/test/java/resources/features/header/otherHeader.feature:21)\nCaused by: org.openqa.selenium.NoSuchElementException: no such element: Unable to locate element: {\"method\":\"css selector\",\"selector\":\"#reco16821553994\"}\n  (Session info: chrome=105.0.5195.52)\nFor documentation on this error, please visit: https://selenium.dev/exceptions/#no_such_element\nBuild info: version: '4.3.0', revision: 'a4995e2c09*'\nSystem info: host: 'knoldus-Latitude-3520', ip: '127.0.1.1', os.name: 'Linux', os.arch: 'amd64', os.version: '5.15.0-47-generic', java.version: '17.0.2'\nDriver info: org.openqa.selenium.chrome.ChromeDriver\nCommand: [7b9eabf3c2424406a2a452d34c4fdd06, findElement {using=id, value=reco16821553994}]\nCapabilities {acceptInsecureCerts: false, browserName: chrome, browserVersion: 105.0.5195.52, chrome: {chromedriverVersion: 104.0.5112.79 (3cf3e8c8a07d..., userDataDir: /tmp/.com.google.Chrome.lYRs3V}, goog:chromeOptions: {debuggerAddress: localhost:37957}, networkConnectionEnabled: false, pageLoadStrategy: normal, platformName: LINUX, proxy: Proxy(), se:cdp: ws://localhost:37957/devtoo..., se:cdpVersion: 105.0.5195.52, setWindowRect: true, strictFileInteractability: false, timeouts: {implicit: 0, pageLoad: 300000, script: 30000}, unhandledPromptBehavior: dismiss and notify, webauthn:extension:credBlob: true, webauthn:extension:largeBlob: true, webauthn:virtualAuthenticators: true}\nSession ID: 7b9eabf3c2424406a2a452d34c4fdd06\n\tat jdk.internal.reflect.GeneratedConstructorAccessor26.newInstance(Unknown Source)\n\tat java.base/jdk.internal.reflect.DelegatingConstructorAccessorImpl.newInstance(DelegatingConstructorAccessorImpl.java:45)\n\tat java.base/java.lang.reflect.Constructor.newInstanceWithCaller(Constructor.java:499)\n\tat java.base/java.lang.reflect.Constructor.newInstance(Constructor.java:480)\n\tat org.openqa.selenium.remote.codec.w3c.W3CHttpResponseCodec.createException(W3CHttpResponseCodec.java:200)\n\tat org.openqa.selenium.remote.codec.w3c.W3CHttpResponseCodec.decode(W3CHttpResponseCodec.java:133)\n\tat org.openqa.selenium.remote.codec.w3c.W3CHttpResponseCodec.decode(W3CHttpResponseCodec.java:53)\n\tat org.openqa.selenium.remote.HttpCommandExecutor.execute(HttpCommandExecutor.java:184)\n\tat org.openqa.selenium.remote.service.DriverCommandExecutor.invokeExecute(DriverCommandExecutor.java:167)\n\tat org.openqa.selenium.remote.service.DriverCommandExecutor.execute(DriverCommandExecutor.java:142)\n\tat org.openqa.selenium.remote.RemoteWebDriver.execute(RemoteWebDriver.java:569)\n\tat org.openqa.selenium.remote.ElementLocation$ElementFinder$2.findElement(ElementLocation.java:162)\n\tat org.openqa.selenium.remote.ElementLocation.findElement(ElementLocation.java:60)\n\tat org.openqa.selenium.remote.RemoteWebDriver.findElement(RemoteWebDriver.java:387)\n\tat org.openqa.selenium.remote.RemoteWebDriver.findElement(RemoteWebDriver.java:379)\n\tat org.openqa.selenium.support.pagefactory.DefaultElementLocator.findElement(DefaultElementLocator.java:70)\n\tat org.openqa.selenium.support.pagefactory.internal.LocatingElementHandler.invoke(LocatingElementHandler.java:39)\n\tat jdk.proxy2/jdk.proxy2.$Proxy43.isDisplayed(Unknown Source)\n\tat org.openqa.selenium.support.ui.ExpectedConditions.elementIfVisible(ExpectedConditions.java:307)\n\tat org.openqa.selenium.support.ui.ExpectedConditions.access$000(ExpectedConditions.java:40)\n\tat org.openqa.selenium.support.ui.ExpectedConditions$10.apply(ExpectedConditions.java:293)\n\tat org.openqa.selenium.support.ui.ExpectedConditions$10.apply(ExpectedConditions.java:290)\n\tat org.openqa.selenium.support.ui.FluentWait.until(FluentWait.java:208)\n\tat pages.Header.validateHomePage(Header.java:74)\n\tat stepDefinitions.HeaderStepDefnition.itShouldRedirectToHomePage(HeaderStepDefnition.java:54)\n\tat java.base/jdk.internal.reflect.NativeMethodAccessorImpl.invoke0(Native Method)\n\tat java.base/jdk.internal.reflect.NativeMethodAccessorImpl.invoke(NativeMethodAccessorImpl.java:77)\n\tat java.base/jdk.internal.reflect.DelegatingMethodAccessorImpl.invoke(DelegatingMethodAccessorImpl.java:43)\n\tat java.base/java.lang.reflect.Method.invoke(Method.java:568)\n\tat io.cucumber.java.Invoker.doInvoke(Invoker.java:66)\n\tat io.cucumber.java.Invoker.invoke(Invoker.java:24)\n\tat io.cucumber.java.AbstractGlueDefinition.invokeMethod(AbstractGlueDefinition.java:47)\n\tat io.cucumber.java.JavaStepDefinition.execute(JavaStepDefinition.java:29)\n\tat io.cucumber.core.runner.CoreStepDefinition.execute(CoreStepDefinition.java:66)\n\tat io.cucumber.core.runner.PickleStepDefinitionMatch.runStep(PickleStepDefinitionMatch.java:63)\n\tat io.cucumber.core.runner.ExecutionMode$1.execute(ExecutionMode.java:10)\n\tat io.cucumber.core.runner.TestStep.executeStep(TestStep.java:85)\n\tat io.cucumber.core.runner.TestStep.run(TestStep.java:57)\n\tat io.cucumber.core.runner.PickleStepTestStep.run(PickleStepTestStep.java:51)\n\tat io.cucumber.core.runner.TestCase.run(TestCase.java:84)\n\tat io.cucumber.core.runner.Runner.runPickle(Runner.java:75)\n\tat io.cucumber.testng.TestNGCucumberRunner.lambda$runScenario$1(TestNGCucumberRunner.java:132)\n\tat io.cucumber.core.runtime.CucumberExecutionContext.lambda$runTestCase$5(CucumberExecutionContext.java:129)\n\tat io.cucumber.core.runtime.RethrowingThrowableCollector.executeAndThrow(RethrowingThrowableCollector.java:23)\n\tat io.cucumber.core.runtime.CucumberExecutionContext.runTestCase(CucumberExecutionContext.java:129)\n\tat io.cucumber.testng.TestNGCucumberRunner.runScenario(TestNGCucumberRunner.java:129)\n\tat io.cucumber.testng.AbstractTestNGCucumberTests.runScenario(AbstractTestNGCucumberTests.java:35)\n\tat java.base/jdk.internal.reflect.NativeMethodAccessorImpl.invoke0(Native Method)\n\tat java.base/jdk.internal.reflect.NativeMethodAccessorImpl.invoke(NativeMethodAccessorImpl.java:77)\n\tat java.base/jdk.internal.reflect.DelegatingMethodAccessorImpl.invoke(DelegatingMethodAccessorImpl.java:43)\n\tat java.base/java.lang.reflect.Method.invoke(Method.java:568)\n\tat org.testng.internal.invokers.MethodInvocationHelper.invokeMethod(MethodInvocationHelper.java:139)\n\tat org.testng.internal.invokers.TestInvoker.invokeMethod(TestInvoker.java:677)\n\tat org.testng.internal.invokers.TestInvoker.invokeTestMethod(TestInvoker.java:221)\n\tat org.testng.internal.invokers.MethodRunner.runInSequence(MethodRunner.java:50)\n\tat org.testng.internal.invokers.TestInvoker$MethodInvocationAgent.invoke(TestInvoker.java:962)\n\tat org.testng.internal.invokers.TestInvoker.invokeTestMethods(TestInvoker.java:194)\n\tat org.testng.internal.invokers.TestMethodWorker.invokeTestMethods(TestMethodWorker.java:148)\n\tat org.testng.internal.invokers.TestMethodWorker.run(TestMethodWorker.java:128)\n\tat java.base/java.util.ArrayList.forEach(ArrayList.java:1511)\n\tat org.testng.TestRunner.privateRun(TestRunner.java:806)\n\tat org.testng.TestRunner.run(TestRunner.java:601)\n\tat org.testng.SuiteRunner.runTest(SuiteRunner.java:433)\n\tat org.testng.SuiteRunner.runSequentially(SuiteRunner.java:427)\n\tat org.testng.SuiteRunner.privateRun(SuiteRunner.java:387)\n\tat org.testng.SuiteRunner.run(SuiteRunner.java:330)\n\tat org.testng.SuiteRunnerWorker.runSuite(SuiteRunnerWorker.java:52)\n\tat org.testng.SuiteRunnerWorker.run(SuiteRunnerWorker.java:95)\n\tat org.testng.TestNG.runSuitesSequentially(TestNG.java:1256)\n\tat org.testng.TestNG.runSuitesLocally(TestNG.java:1176)\n\tat org.testng.TestNG.runSuites(TestNG.java:1099)\n\tat org.testng.TestNG.run(TestNG.java:1067)\n\tat com.intellij.rt.testng.IDEARemoteTestNG.run(IDEARemoteTestNG.java:66)\n\tat com.intellij.rt.testng.RemoteTestNGStarter.main(RemoteTestNGStarter.java:109)\n","duration":10375465157,"status":"failed"},"line":21,"name":"It should redirect to Home Page","match":{"location":"stepDefinitions.HeaderStepDefnition.itShouldRedirectToHomePage()"},"keyword":"Then "}]},{"start_timestamp":"2022-09-10T15:42:57.490Z","before":[{"result":{"duration":7435423578,"status":"passed"},"match":{"location":"stepDefinitions.Hooks.beforeScenario()"}}],"line":23,"name":"Search : Logo","description":"","id":"other-header-elements;search-:-logo","after":[{"result":{"duration":101716460,"status":"passed"},"match":{"location":"stepDefinitions.Hooks.afterScenario()"}}],"type":"scenario","keyword":"Scenario","steps":[{"result":{"duration":349020,"status":"passed"},"line":24,"name":"I am a user on any of the page","match":{"location":"stepDefinitions.HeaderStepDefnition.iAmAUserOnAnyOfThePage()"},"keyword":"Given "},{"result":{"duration":225012,"status":"passed"},"line":25,"name":"I hit Search on the header","match":{"location":"stepDefinitions.HeaderStepDefnition.iHitSearchOnTheHeader()"},"keyword":"When "},{"result":{"duration":45869611,"status":"passed"},"line":26,"name":"It should be visible","match":{"location":"stepDefinitions.HeaderStepDefnition.itShouldBeVisible()"},"keyword":"Then "}]}],"name":"Other Header Elements","description":"","id":"other-header-elements","keyword":"Feature","uri":"file:src/test/java/resources/features/header/otherHeader.feature","tags":[]},{"line":1,"elements":[{"start_timestamp":"2022-09-10T15:43:05.091Z","before":[{"result":{"duration":6353659772,"status":"passed"},"match":{"location":"stepDefinitions.Hooks.beforeScenario()"}}],"line":3,"name":"Store Locator Page-Search term","description":"","id":"store-page-locator;store-locator-page-search-term","after":[{"result":{"duration":100944767,"status":"passed"},"match":{"location":"stepDefinitions.Hooks.afterScenario()"}}],"type":"scenario","keyword":"Scenario","steps":[{"result":{"duration":53460951,"status":"passed"},"line":4,"name":"I am on the store locator page","match":{"location":"stepDefinitions.StoreLocatorStepDefinition.iAmOnTheStoreLocatorPage()"},"keyword":"Given "},{"result":{"duration":1177149528,"status":"passed"},"line":5,"name":"I begin to type a search term in the search field","match":{"location":"stepDefinitions.StoreLocatorStepDefinition.iBeginToTypeASearchTermInTheSearchField()"},"keyword":"When "},{"result":{"duration":3816358869,"status":"passed"},"line":6,"name":"I should see the suggestions of stores based on the search term.","match":{"location":"stepDefinitions.StoreLocatorStepDefinition.iShouldSeeTheSuggestionsOfStoresBasedOnTheSearchTerm()"},"keyword":"Then "}]},{"start_timestamp":"2022-09-10T15:43:16.613Z","before":[{"result":{"duration":6600695170,"status":"passed"},"match":{"location":"stepDefinitions.Hooks.beforeScenario()"}}],"line":8,"name":"Store Locator Page - Directions","description":"","id":"store-page-locator;store-locator-page---directions","after":[{"result":{"duration":118938255,"status":"passed"},"match":{"location":"stepDefinitions.Hooks.afterScenario()"}}],"type":"scenario","keyword":"Scenario","steps":[{"result":{"duration":2011165632,"status":"passed"},"line":9,"name":"a user enter the postal code or city or address and hit enter","match":{"location":"stepDefinitions.StoreLocatorStepDefinition.aUserEnterThePostalCodeOrCityOrAddressAndHitEnter()"},"keyword":"Given "},{"result":{"duration":5554460042,"status":"passed"},"line":10,"name":"the user hit the Direction","match":{"location":"stepDefinitions.StoreLocatorStepDefinition.theUserHitTheDirection()"},"keyword":"When "},{"result":{"duration":2005716641,"status":"passed"},"line":11,"name":"It should redirect to Google Maps","match":{"location":"stepDefinitions.StoreLocatorStepDefinition.itShouldRedirectToGoogleMaps()"},"keyword":"Then "}]},{"start_timestamp":"2022-09-10T15:43:32.923Z","before":[{"result":{"duration":7168267090,"status":"passed"},"match":{"location":"stepDefinitions.Hooks.beforeScenario()"}}],"line":13,"name":"Store Locator - Details","description":"","id":"store-page-locator;store-locator---details","after":[{"result":{"duration":114858957,"status":"passed"},"match":{"location":"stepDefinitions.Hooks.afterScenario()"}}],"type":"scenario","keyword":"Scenario","steps":[{"result":{"duration":1947328058,"status":"passed"},"line":14,"name":"a user enter the postal code or city or address and hit enter","match":{"location":"stepDefinitions.StoreLocatorStepDefinition.aUserEnterThePostalCodeOrCityOrAddressAndHitEnter()"},"keyword":"Given "},{"result":{"duration":4236684825,"status":"passed"},"line":15,"name":"the user hit the Details","match":{"location":"stepDefinitions.StoreLocatorStepDefinition.theUserHitTheDetails()"},"keyword":"When "},{"result":{"duration":615933072,"status":"passed"},"line":16,"name":"It should show store details","match":{"location":"stepDefinitions.StoreLocatorStepDefinition.itShouldShowStoreDetails()"},"keyword":"Then "}]}],"name":"Store Page Locator","description":"","id":"store-page-locator","keyword":"Feature","uri":"file:src/test/java/resources/features/header/storePageLocator.feature","tags":[]}]